2023-08-01 18:44:07,251 INFO Вызвана функция start_listener с аргументами () и {}
2023-08-01 18:44:11,970 INFO Вызвана функция new_message с аргументами (<bot.VK_Bot object at 0x0000014671A97F50>, 'правила') и {}
2023-08-01 18:44:11,970 INFO Результат: Привет, Юлия!
Давно не виделись!
Показать результаты одного из предыдущих запросов или начнём новый поиск?
2023-08-01 18:44:11,970 INFO Вызвана функция write_msg с аргументами (68456158, 'Привет, Юлия!\nДавно не виделись!\nПоказать результаты одного из предыдущих запросов или начнём новый поиск?') и {'attachment': None, 'keyboard': <vk_api.keyboard.VkKeyboard object at 0x0000014671ABF7C0>}
2023-08-01 18:44:12,515 INFO Результат: None
2023-08-01 18:44:16,666 INFO Вызвана функция new_message с аргументами (<bot.VK_Bot object at 0x0000014671A97F50>, 'правила') и {}
2023-08-01 18:44:16,667 INFO Результат: 
            Бот начинает работать при вводе любого первого сообщения от             пользователя.
            * Для указания пола кандидата напишите "М" или "Ж".
            * Для указания возраста введите диапазон в формате "20-25".
            * Для выбора локации поиска введите "+" или "+Город".
            * При просмотре найденных кандидатов можно добавлять их в список             избранных или удалять из дальнейшего просмотра при помощи кнопок             "В ИЗБРАННОЕ" и "ТОЧНО НЕТ".
            * Для просмотра следующего кандидата нажмите кнопку "СЛЕДУЮЩИЙ"             или введите "следующий".
            * Для запуска нового поиска начните вводить параметры запроса по             одному в произвольном порядке.
            * Чтобы вернуться к любому из своих запросов, введите его номер             после символа "№".
            * Чтобы вывести список запросов напишите слово "запрос".
            * Для прекращения текущего сеанса работы введите "стоп".
            

"Продолжаем разговор!" - как говорит мой друг Карлсон.
            
2023-08-01 18:44:16,667 INFO Вызвана функция write_msg с аргументами (68456158, '\n            Бот начинает работать при вводе любого первого сообщения от             пользователя.\n            * Для указания пола кандидата напишите "М" или "Ж".\n            * Для указания возраста введите диапазон в формате "20-25".\n            * Для выбора локации поиска введите "+" или "+Город".\n            * При просмотре найденных кандидатов можно добавлять их в список             избранных или удалять из дальнейшего просмотра при помощи кнопок             "В ИЗБРАННОЕ" и "ТОЧНО НЕТ".\n            * Для просмотра следующего кандидата нажмите кнопку "СЛЕДУЮЩИЙ"             или введите "следующий".\n            * Для запуска нового поиска начните вводить параметры запроса по             одному в произвольном порядке.\n            * Чтобы вернуться к любому из своих запросов, введите его номер             после символа "№".\n            * Чтобы вывести список запросов напишите слово "запрос".\n            * Для прекращения текущего сеанса работы введите "стоп".\n            \n\n"Продолжаем разговор!" - как говорит мой друг Карлсон.\n            ') и {'attachment': None, 'keyboard': None}
2023-08-01 18:44:16,885 INFO Результат: None
2023-08-01 18:44:44,278 INFO Вызвана функция new_message с аргументами (<bot.VK_Bot object at 0x0000014671A97F50>, 'стоп') и {}
2023-08-01 18:44:44,278 INFO Результат: Юлия, вы уверены, что хотите остановить работу бота?
Для нового поиска просто начните вводить его параметры по одному в произвольном порядке.
Для получения списка запросов из БД напишите "запрос".
2023-08-01 18:44:44,278 INFO Вызвана функция write_msg с аргументами (68456158, 'Юлия, вы уверены, что хотите остановить работу бота?\nДля нового поиска просто начните вводить его параметры по одному в произвольном порядке.\nДля получения списка запросов из БД напишите "запрос".') и {'attachment': None, 'keyboard': <vk_api.keyboard.VkKeyboard object at 0x0000014671B09040>}
2023-08-01 18:44:44,544 INFO Результат: None
